<?xml version="1.0" encoding="UTF-8"?>
<!-- Generated by org.testng.reporters.JUnitXMLReporter -->
<testsuite ignored="0" hostname="vbhudhk" failures="1" tests="4" name="Test" time="22.27" errors="0" timestamp="2022-10-29T18:52:40 IST">
  <testcase classname="stockModule.VerifyUserCanAddStocksToWatch" name="VerifyUserCanLogin" time="17.059"/>
  <testcase classname="stockModule.VerifyUserCanAddStocksToWatch" name="verifyUserCanSearchProductAndGetList" time="1.373"/>
  <testcase classname="stockModule.VerifyUserCanAddStocksToWatch" name="verifyUserCanAddStock" time="0.377"/>
  <testcase classname="stockModule.VerifyUserCanAddStocksToWatch" name="verifysearchStockAddedInWatchlist" time="0.059">
    <failure type="java.lang.AssertionError" message="expected [true] but found [false]">
      <![CDATA[java.lang.AssertionError: expected [true] but found [false]
at stockModule.VerifyUserCanAddStocksToWatch.verifysearchStockAddedInWatchlist(VerifyUserCanAddStocksToWatch.java:65)
at java.base/java.util.ArrayList.forEach(ArrayList.java:1511)
... Removed 31 stack frames]]>
    </failure>
  </testcase> <!-- verifysearchStockAddedInWatchlist -->
</testsuite> <!-- Test -->
